<?xml version="1.0" encoding="UTF-8"?>
<testsuite xmlns:xsi="http://www.w3.org/2001/XMLSchema-instance" xsi:schemaLocation="https://maven.apache.org/surefire/maven-surefire-plugin/xsd/surefire-test-report.xsd" name="JUnitTests" time="0.099" tests="6" errors="0" skipped="0" failures="0">
  <properties>
[...]
</properties>
  <testcase name="testLoadFromCSV" classname="JUnitTests" time="0.035"/>
  <testcase name="testSchoolMaxFemaleDrinking" classname="JUnitTests" time="0.028"/>
  <testcase name="testPearsonCorrelation" classname="JUnitTests" time="0.002"/>
  <testcase name="testSortAlcoholByAge" classname="JUnitTests" time="0.008"/>
  <testcase name="testFamilyRelInfluenceWalc" classname="JUnitTests" time="0.009"/>
  <testcase name="testCalculateAll" classname="JUnitTests" time="0.002"/>
</testsuite>