<?xml version="1.0" encoding="UTF-8"?>
<testsuite xmlns:xsi="http://www.w3.org/2001/XMLSchema-instance" xsi:schemaLocation="https://maven.apache.org/surefire/maven-surefire-plugin/xsd/surefire-test-report.xsd" name="JUnitTests" time="0.047" tests="6" errors="1" skipped="0" failures="3">
  <properties>
[...]
</properties>
  <testcase name="testLoadFromCSV" classname="JUnitTests" time="0.018"/>
  <testcase name="testSchoolMaxFemaleDrinking" classname="JUnitTests" time="0.012">
    <failure message="expected: &lt;GP (0.00%)&gt; but was: &lt;&gt;" type="org.opentest4j.AssertionFailedError"><![CDATA[org.opentest4j.AssertionFailedError: expected: <GP (0.00%)> but was: <>
	at JUnitTests.testSchoolMaxFemaleDrinking(JUnitTests.java:90)
]]></failure>
  </testcase>
  <testcase name="testPearsonCorrelation" classname="JUnitTests" time="0.002">
    <error message="For input string: &quot;Undefined (division by zero)&quot;" type="java.lang.NumberFormatException">java.lang.NumberFormatException: For input string: "Undefined (division by zero)"
	at JUnitTests.testPearsonCorrelation(JUnitTests.java:48)
</error>
  </testcase>
  <testcase name="testSortAlcoholByAge" classname="JUnitTests" time="0.004">
    <failure message="expected: &lt;WeeklyAgeConsumption&gt; but was: &lt;WeeklyAgeConsumption&#10;Age: 	AvgWalc &lt; NumOfRecords &gt; 	[ data ]&gt;" type="org.opentest4j.AssertionFailedError"><![CDATA[org.opentest4j.AssertionFailedError: 
expected: <WeeklyAgeConsumption> but was: <WeeklyAgeConsumption
Age: 	AvgWalc < NumOfRecords > 	[ data ]>
	at JUnitTests.testSortAlcoholByAge(JUnitTests.java:59)
]]></failure>
  </testcase>
  <testcase name="testFamilyRelInfluenceWalc" classname="JUnitTests" time="0.004">
    <failure message="expected: &lt;FamilyRelInfluenceWalc&gt; but was: &lt;baselineAverage&gt;" type="org.opentest4j.AssertionFailedError"><![CDATA[org.opentest4j.AssertionFailedError: expected: <FamilyRelInfluenceWalc> but was: <baselineAverage>
	at JUnitTests.testFamilyRelInfluenceWalc(JUnitTests.java:71)
]]></failure>
  </testcase>
  <testcase name="testCalculateAll" classname="JUnitTests" time="0.001"/>
</testsuite>